{"C:\\Users\\snak8\\projects\\js_split_integer\\src\\splitInteger.js": {"path":"C:\\Users\\snak8\\projects\\js_split_integer\\src\\splitInteger.js","statementMap":{"0":{"start":{"line":10,"column":16},"end":{"line":10,"column":18}},"1":{"start":{"line":11,"column":13},"end":{"line":11,"column":18}},"2":{"start":{"line":13,"column":2},"end":{"line":18,"column":3}},"3":{"start":{"line":13,"column":23},"end":{"line":13,"column":36}},"4":{"start":{"line":14,"column":17},"end":{"line":14,"column":45}},"5":{"start":{"line":16,"column":4},"end":{"line":16,"column":21}},"6":{"start":{"line":17,"column":4},"end":{"line":17,"column":17}},"7":{"start":{"line":20,"column":2},"end":{"line":20,"column":15}},"8":{"start":{"line":23,"column":0},"end":{"line":23,"column":30}}},"fnMap":{"0":{"name":"splitInteger","decl":{"start":{"line":9,"column":9},"end":{"line":9,"column":21}},"loc":{"start":{"line":9,"column":44},"end":{"line":21,"column":1}},"line":9}},"branchMap":{},"s":{"0":1,"1":1,"2":1,"3":1,"4":5,"5":5,"6":5,"7":1,"8":1},"f":{"0":1},"b":{},"_coverageSchema":"43e27e138ebf9cfc5966b082cf9a028302ed4184","hash":"0e57b89793946750662e2a33dc9f9e6c0069e4ea"}
}
