{"C:\\Users\\patry\\js_split_integer\\src\\splitInteger.js": {"path":"C:\\Users\\patry\\js_split_integer\\src\\splitInteger.js","statementMap":{"0":{"start":{"line":10,"column":16},"end":{"line":10,"column":18}},"1":{"start":{"line":11,"column":13},"end":{"line":11,"column":18}},"2":{"start":{"line":13,"column":2},"end":{"line":18,"column":3}},"3":{"start":{"line":13,"column":23},"end":{"line":13,"column":36}},"4":{"start":{"line":14,"column":17},"end":{"line":14,"column":45}},"5":{"start":{"line":16,"column":4},"end":{"line":16,"column":21}},"6":{"start":{"line":17,"column":4},"end":{"line":17,"column":17}},"7":{"start":{"line":20,"column":2},"end":{"line":20,"column":15}},"8":{"start":{"line":23,"column":0},"end":{"line":23,"column":30}}},"fnMap":{"0":{"name":"splitInteger","decl":{"start":{"line":9,"column":9},"end":{"line":9,"column":21}},"loc":{"start":{"line":9,"column":44},"end":{"line":21,"column":1}},"line":9}},"branchMap":{},"s":{"0":8,"1":8,"2":8,"3":8,"4":22,"5":22,"6":22,"7":8,"8":1},"f":{"0":8},"b":{},"_coverageSchema":"1a1c01bbd47fc00a2c39e90264f33305004495a9","hash":"14803e29c01a4be199096703fcc1d45d8df63f03"}
}
